C:\USERS\MAHMOUD ADAS\DOCUMENTS\DS-PROJECT\DEBUG\DATA.OBJ
C:\USERS\MAHMOUD ADAS\DOCUMENTS\DS-PROJECT\DEBUG\GRAPH.OBJ
C:\USERS\MAHMOUD ADAS\DOCUMENTS\DS-PROJECT\DEBUG\MAIN.OBJ
C:\USERS\MAHMOUD ADAS\DOCUMENTS\DS-PROJECT\DEBUG\VC110.PDB
C:\USERS\MAHMOUD ADAS\DOCUMENTS\DS-PROJECT\DEBUG\DS-PROJECT.ILK
C:\USERS\MAHMOUD ADAS\DOCUMENTS\DS-PROJECT\DEBUG\DS-PROJECT.EXE
C:\USERS\MAHMOUD ADAS\DOCUMENTS\DS-PROJECT\DEBUG\DS-PROJECT.PDB
C:\Users\Mahmoud Adas\Documents\DS-Project\Debug\Data.obj
C:\Users\Mahmoud Adas\Documents\DS-Project\Debug\utility.obj
C:\Users\Mahmoud Adas\Documents\DS-Project\Debug\DS-Project.ilk
C:\Users\Mahmoud Adas\Documents\DS-Project\Debug\cl.command.1.tlog
C:\Users\Mahmoud Adas\Documents\DS-Project\Debug\CL.read.1.tlog
C:\Users\Mahmoud Adas\Documents\DS-Project\Debug\CL.write.1.tlog
C:\Users\Mahmoud Adas\Documents\DS-Project\Debug\link-cvtres.read.1.tlog
C:\Users\Mahmoud Adas\Documents\DS-Project\Debug\link-cvtres.write.1.tlog
C:\Users\Mahmoud Adas\Documents\DS-Project\Debug\link-rc.read.1.tlog
C:\Users\Mahmoud Adas\Documents\DS-Project\Debug\link-rc.write.1.tlog
C:\Users\Mahmoud Adas\Documents\DS-Project\Debug\link.3036-cvtres.read.1.tlog
C:\Users\Mahmoud Adas\Documents\DS-Project\Debug\link.3036-cvtres.write.1.tlog
C:\Users\Mahmoud Adas\Documents\DS-Project\Debug\link.3036-rc.read.1.tlog
C:\Users\Mahmoud Adas\Documents\DS-Project\Debug\link.3036-rc.write.1.tlog
C:\Users\Mahmoud Adas\Documents\DS-Project\Debug\link.3036.read.1.tlog
C:\Users\Mahmoud Adas\Documents\DS-Project\Debug\link.3036.write.1.tlog
C:\Users\Mahmoud Adas\Documents\DS-Project\Debug\link.4412-cvtres.read.1.tlog
C:\Users\Mahmoud Adas\Documents\DS-Project\Debug\link.4412-cvtres.write.1.tlog
C:\Users\Mahmoud Adas\Documents\DS-Project\Debug\link.4412-rc.read.1.tlog
C:\Users\Mahmoud Adas\Documents\DS-Project\Debug\link.4412-rc.write.1.tlog
C:\Users\Mahmoud Adas\Documents\DS-Project\Debug\link.4412.read.1.tlog
C:\Users\Mahmoud Adas\Documents\DS-Project\Debug\link.4412.write.1.tlog
C:\Users\Mahmoud Adas\Documents\DS-Project\Debug\link.command.1.tlog
C:\Users\Mahmoud Adas\Documents\DS-Project\Debug\link.read.1.tlog
C:\Users\Mahmoud Adas\Documents\DS-Project\Debug\link.write.1.tlog
C:\Users\Mahmoud Adas\Documents\DS-Project\Debug\vc110.idb
C:\Users\Mahmoud Adas\Documents\DS-Project\Debug\DS-Project.pdb
C:\Users\Mahmoud Adas\Documents\DS-Project\Debug\vc110.pdb
C:\Users\Mahmoud Adas\Documents\DS-Project\Debug\DS-Project.exe
